[debug] [2023-07-24T04:57:07.922Z] ----------------------------------------------------------------------
[debug] [2023-07-24T04:57:07.943Z] Command:       C:\Users\joels\.nvm\versions\node\v16.19.1\bin\node.exe C:\Users\joels\.nvm\versions\node\v16.19.1\bin\node_modules\firebase-tools\lib\bin\firebase.js emulators:start --only firestore --project devwallet-c05b9
[debug] [2023-07-24T04:57:07.945Z] CLI Version:   12.4.5
[debug] [2023-07-24T04:57:07.946Z] Platform:      win32
[debug] [2023-07-24T04:57:07.946Z] Node Version:  v16.19.1
[debug] [2023-07-24T04:57:07.949Z] Time:          Mon Jul 24 2023 01:57:07 GMT-0300 (Horário Padrão de Brasília)
[debug] [2023-07-24T04:57:07.950Z] ----------------------------------------------------------------------
[debug] 
[debug] [2023-07-24T04:57:07.967Z] > command requires scopes: ["email","openid","https://www.googleapis.com/auth/cloudplatformprojects.readonly","https://www.googleapis.com/auth/firebase","https://www.googleapis.com/auth/cloud-platform"]
[debug] Failed to authenticate, have you run firebase login?
[warn] !  emulators: You are not currently authenticated so some features may not work correctly. Please run firebase login to authenticate the CLI. 
[warn] !  Could not find config (firebase.json) so using defaults. 
[debug] [2023-07-24T04:57:08.455Z] openjdk version "11.0.18" 2023-01-17
[debug] [2023-07-24T04:57:08.458Z] 
OpenJDK Runtime Environment Temurin-11.0.18+10 (build 11.0.18+10)
OpenJDK 64-Bit Server VM Temurin-11.0.18+10 (build 11.0.18+10, mixed mode)

[debug] [2023-07-24T04:57:08.512Z] Parsed Java major version: 11
[info] i  emulators: Starting emulators: firestore {"metadata":{"emulator":{"name":"hub"},"message":"Starting emulators: firestore"}}
[debug] [2023-07-24T04:57:08.560Z] [logging] Logging Emulator only supports listening on one address (127.0.0.1). Not listening on ::1
[debug] [2023-07-24T04:57:08.561Z] [firestore] Firestore Emulator only supports listening on one address (127.0.0.1). Not listening on ::1
[debug] [2023-07-24T04:57:08.561Z] [firestore.websocket] websocket server for firestore only supports listening on one address (127.0.0.1). Not listening on ::1
[debug] [2023-07-24T04:57:08.563Z] assigned listening specs for emulators {"user":{"hub":[{"address":"127.0.0.1","family":"IPv4","port":4400},{"address":"::1","family":"IPv6","port":4400}],"ui":[{"address":"127.0.0.1","family":"IPv4","port":4000},{"address":"::1","family":"IPv6","port":4000}],"logging":[{"address":"127.0.0.1","family":"IPv4","port":4500}],"firestore":[{"address":"127.0.0.1","family":"IPv4","port":8080}],"firestore.websocket":[{"address":"127.0.0.1","family":"IPv4","port":9150}]},"metadata":{"message":"assigned listening specs for emulators"}}
[debug] [2023-07-24T04:57:08.590Z] [hub] writing locator at C:\Users\joels\AppData\Local\Temp\hub-devwallet-c05b9.json
[warn] !  firestore: Did not find a Cloud Firestore rules file specified in a firebase.json config file. {"metadata":{"emulator":{"name":"firestore"},"message":"Did not find a Cloud Firestore rules file specified in a firebase.json config file."}}
[warn] !  firestore: The emulator will default to allowing all reads and writes. Learn more about this option: https://firebase.google.com/docs/emulator-suite/install_and_configure#security_rules_configuration. {"metadata":{"emulator":{"name":"firestore"},"message":"The emulator will default to allowing all reads and writes. Learn more about this option: https://firebase.google.com/docs/emulator-suite/install_and_configure#security_rules_configuration."}}
[debug] [2023-07-24T04:57:08.605Z] Ignoring unsupported arg: auto_download {"metadata":{"emulator":{"name":"firestore"},"message":"Ignoring unsupported arg: auto_download"}}
[debug] [2023-07-24T04:57:08.605Z] Ignoring unsupported arg: single_project_mode_error {"metadata":{"emulator":{"name":"firestore"},"message":"Ignoring unsupported arg: single_project_mode_error"}}
[debug] [2023-07-24T04:57:08.606Z] Starting Firestore Emulator with command {"binary":"java","args":["-Dgoogle.cloud_firestore.debug_log_level=FINE","-Duser.language=en","-jar","C:\\Users\\joels\\.cache\\firebase\\emulators\\cloud-firestore-emulator-v1.18.1.jar","--host","127.0.0.1","--port",8080,"--websocket_port",9150,"--project_id","devwallet-c05b9","--single_project_mode",true],"optionalArgs":["port","webchannel_port","host","rules","websocket_port","functions_emulator","seed_from_export","project_id","single_project_mode"],"joinArgs":false} {"metadata":{"emulator":{"name":"firestore"},"message":"Starting Firestore Emulator with command {\"binary\":\"java\",\"args\":[\"-Dgoogle.cloud_firestore.debug_log_level=FINE\",\"-Duser.language=en\",\"-jar\",\"C:\\\\Users\\\\joels\\\\.cache\\\\firebase\\\\emulators\\\\cloud-firestore-emulator-v1.18.1.jar\",\"--host\",\"127.0.0.1\",\"--port\",8080,\"--websocket_port\",9150,\"--project_id\",\"devwallet-c05b9\",\"--single_project_mode\",true],\"optionalArgs\":[\"port\",\"webchannel_port\",\"host\",\"rules\",\"websocket_port\",\"functions_emulator\",\"seed_from_export\",\"project_id\",\"single_project_mode\"],\"joinArgs\":false}"}}
[info] i  firestore: Firestore Emulator logging to firestore-debug.log {"metadata":{"emulator":{"name":"firestore"},"message":"Firestore Emulator logging to \u001b[1mfirestore-debug.log\u001b[22m"}}
[debug] [2023-07-24T04:57:14.850Z] Jul 24, 2023 1:57:14 AM com.google.cloud.datastore.emulator.firestore.websocket.WebSocketServer start
INFO: Started WebSocket server on ws://127.0.0.1:9150
 {"metadata":{"emulator":{"name":"firestore"},"message":"Jul 24, 2023 1:57:14 AM com.google.cloud.datastore.emulator.firestore.websocket.WebSocketServer start\r\nINFO: Started WebSocket server on ws://127.0.0.1:9150\r\n"}}
[debug] [2023-07-24T04:57:15.004Z] API endpoint: http:// {"metadata":{"emulator":{"name":"firestore"},"message":"API endpoint: http://"}}
[debug] [2023-07-24T04:57:15.005Z] 127.0.0.1:8080
If you are using a library that supports the FIRESTORE_EMULATOR_HOST environment variable, run:

   export FIRESTORE_EMULATOR_HOST=127.0.0.1:8080

Dev App Server is now running.

 {"metadata":{"emulator":{"name":"firestore"},"message":"127.0.0.1:8080\nIf you are using a library that supports the FIRESTORE_EMULATOR_HOST environment variable, run:\r\n\n   export FIRESTORE_EMULATOR_HOST=127.0.0.1:8080\n\nDev App Server is now running.\n\r\n"}}
[info] +  firestore: Firestore Emulator UI websocket is running on 9150. {"metadata":{"emulator":{"name":"firestore"},"message":"Firestore Emulator UI websocket is running on 9150."}}
[info] i  ui: downloading ui-v1.11.7.zip... {"metadata":{"emulator":{"name":"ui"},"message":"downloading ui-v1.11.7.zip..."}}
[debug] [2023-07-24T04:57:15.248Z] >>> [apiv2][query] GET https://storage.googleapis.com/firebase-preview-drop/emulator/ui-v1.11.7.zip 
[debug] [2023-07-24T04:57:15.580Z] <<< [apiv2][status] GET https://storage.googleapis.com/firebase-preview-drop/emulator/ui-v1.11.7.zip 200
[debug] [2023-07-24T04:57:15.580Z] <<< [apiv2][body] GET https://storage.googleapis.com/firebase-preview-drop/emulator/ui-v1.11.7.zip [stream]
[debug] [2023-07-24T04:57:16.016Z] Data is 3064105
[debug] [2023-07-24T04:57:16.017Z] [unzip] Entry: client/ (compressed_size=0 bytes, uncompressed_size=0 bytes)
[debug] [2023-07-24T04:57:16.017Z] [unzip] Processing entry: client\
[debug] [2023-07-24T04:57:16.018Z] [unzip] mkdir: C:\Users\joels\.cache\firebase\emulators\ui-v1.11.7\client\
[debug] [2023-07-24T04:57:16.021Z] [unzip] Entry: client/favicon.ico (compressed_size=2497 bytes, uncompressed_size=7406 bytes)
[debug] [2023-07-24T04:57:16.022Z] [unzip] Processing entry: client\favicon.ico
[debug] [2023-07-24T04:57:16.022Z] [unzip] else mkdir: C:\Users\joels\.cache\firebase\emulators\ui-v1.11.7\client
[debug] [2023-07-24T04:57:16.022Z] [unzip] deflating: C:\Users\joels\.cache\firebase\emulators\ui-v1.11.7\client\favicon.ico
[debug] [2023-07-24T04:57:16.036Z] [unzip] Entry: client/apple-touch-icon.png (compressed_size=7231 bytes, uncompressed_size=7367 bytes)
[debug] [2023-07-24T04:57:16.036Z] [unzip] Processing entry: client\apple-touch-icon.png
[debug] [2023-07-24T04:57:16.036Z] [unzip] else mkdir: C:\Users\joels\.cache\firebase\emulators\ui-v1.11.7\client
[debug] [2023-07-24T04:57:16.037Z] [unzip] deflating: C:\Users\joels\.cache\firebase\emulators\ui-v1.11.7\client\apple-touch-icon.png
[debug] [2023-07-24T04:57:16.040Z] [unzip] Entry: client/android-chrome-512x512.png (compressed_size=16987 bytes, uncompressed_size=18186 bytes)
[debug] [2023-07-24T04:57:16.040Z] [unzip] Processing entry: client\android-chrome-512x512.png
[debug] [2023-07-24T04:57:16.041Z] [unzip] else mkdir: C:\Users\joels\.cache\firebase\emulators\ui-v1.11.7\client
[debug] [2023-07-24T04:57:16.042Z] [unzip] deflating: C:\Users\joels\.cache\firebase\emulators\ui-v1.11.7\client\android-chrome-512x512.png
[debug] [2023-07-24T04:57:16.045Z] [unzip] Entry: client/assets/ (compressed_size=0 bytes, uncompressed_size=0 bytes)
[debug] [2023-07-24T04:57:16.045Z] [unzip] Processing entry: client\assets\
[debug] [2023-07-24T04:57:16.045Z] [unzip] mkdir: C:\Users\joels\.cache\firebase\emulators\ui-v1.11.7\client\assets\
[debug] [2023-07-24T04:57:16.048Z] [unzip] Entry: client/assets/extensions/ (compressed_size=0 bytes, uncompressed_size=0 bytes)
[debug] [2023-07-24T04:57:16.048Z] [unzip] Processing entry: client\assets\extensions\
[debug] [2023-07-24T04:57:16.048Z] [unzip] mkdir: C:\Users\joels\.cache\firebase\emulators\ui-v1.11.7\client\assets\extensions\
[debug] [2023-07-24T04:57:16.049Z] [unzip] Entry: client/assets/extensions/default-extension.png (compressed_size=1646 bytes, uncompressed_size=1657 bytes)
[debug] [2023-07-24T04:57:16.050Z] [unzip] Processing entry: client\assets\extensions\default-extension.png
[debug] [2023-07-24T04:57:16.050Z] [unzip] else mkdir: C:\Users\joels\.cache\firebase\emulators\ui-v1.11.7\client\assets\extensions
[debug] [2023-07-24T04:57:16.051Z] [unzip] deflating: C:\Users\joels\.cache\firebase\emulators\ui-v1.11.7\client\assets\extensions\default-extension.png
[debug] [2023-07-24T04:57:16.055Z] [unzip] Entry: client/assets/index.58ca09f7.css (compressed_size=37601 bytes, uncompressed_size=321252 bytes)
[debug] [2023-07-24T04:57:16.055Z] [unzip] Processing entry: client\assets\index.58ca09f7.css
[debug] [2023-07-24T04:57:16.055Z] [unzip] else mkdir: C:\Users\joels\.cache\firebase\emulators\ui-v1.11.7\client\assets
[debug] [2023-07-24T04:57:16.056Z] [unzip] deflating: C:\Users\joels\.cache\firebase\emulators\ui-v1.11.7\client\assets\index.58ca09f7.css
[debug] [2023-07-24T04:57:16.067Z] [unzip] Entry: client/assets/index.c2583d42.js (compressed_size=526232 bytes, uncompressed_size=1860152 bytes)
[debug] [2023-07-24T04:57:16.067Z] [unzip] Processing entry: client\assets\index.c2583d42.js
[debug] [2023-07-24T04:57:16.067Z] [unzip] else mkdir: C:\Users\joels\.cache\firebase\emulators\ui-v1.11.7\client\assets
[debug] [2023-07-24T04:57:16.068Z] [unzip] deflating: C:\Users\joels\.cache\firebase\emulators\ui-v1.11.7\client\assets\index.c2583d42.js
[debug] [2023-07-24T04:57:16.112Z] [unzip] Entry: client/assets/provider-icons/ (compressed_size=0 bytes, uncompressed_size=0 bytes)
[debug] [2023-07-24T04:57:16.112Z] [unzip] Processing entry: client\assets\provider-icons\
[debug] [2023-07-24T04:57:16.112Z] [unzip] mkdir: C:\Users\joels\.cache\firebase\emulators\ui-v1.11.7\client\assets\provider-icons\
[debug] [2023-07-24T04:57:16.115Z] [unzip] Entry: client/assets/provider-icons/auth_service_oidc.svg (compressed_size=414 bytes, uncompressed_size=858 bytes)
[debug] [2023-07-24T04:57:16.115Z] [unzip] Processing entry: client\assets\provider-icons\auth_service_oidc.svg
[debug] [2023-07-24T04:57:16.115Z] [unzip] else mkdir: C:\Users\joels\.cache\firebase\emulators\ui-v1.11.7\client\assets\provider-icons
[debug] [2023-07-24T04:57:16.116Z] [unzip] deflating: C:\Users\joels\.cache\firebase\emulators\ui-v1.11.7\client\assets\provider-icons\auth_service_oidc.svg
[debug] [2023-07-24T04:57:16.119Z] [unzip] Entry: client/assets/provider-icons/auth_service_yahoo.svg (compressed_size=577 bytes, uncompressed_size=1182 bytes)
[debug] [2023-07-24T04:57:16.120Z] [unzip] Processing entry: client\assets\provider-icons\auth_service_yahoo.svg
[debug] [2023-07-24T04:57:16.120Z] [unzip] else mkdir: C:\Users\joels\.cache\firebase\emulators\ui-v1.11.7\client\assets\provider-icons
[debug] [2023-07-24T04:57:16.120Z] [unzip] deflating: C:\Users\joels\.cache\firebase\emulators\ui-v1.11.7\client\assets\provider-icons\auth_service_yahoo.svg
[debug] [2023-07-24T04:57:16.124Z] [unzip] Entry: client/assets/provider-icons/auth_service_phone.svg (compressed_size=261 bytes, uncompressed_size=414 bytes)
[debug] [2023-07-24T04:57:16.124Z] [unzip] Processing entry: client\assets\provider-icons\auth_service_phone.svg
[debug] [2023-07-24T04:57:16.124Z] [unzip] else mkdir: C:\Users\joels\.cache\firebase\emulators\ui-v1.11.7\client\assets\provider-icons
[debug] [2023-07-24T04:57:16.125Z] [unzip] deflating: C:\Users\joels\.cache\firebase\emulators\ui-v1.11.7\client\assets\provider-icons\auth_service_phone.svg
[debug] [2023-07-24T04:57:16.130Z] [unzip] Entry: client/assets/provider-icons/auth_service_saml.svg (compressed_size=575 bytes, uncompressed_size=1226 bytes)
[debug] [2023-07-24T04:57:16.131Z] [unzip] Processing entry: client\assets\provider-icons\auth_service_saml.svg
[debug] [2023-07-24T04:57:16.131Z] [unzip] else mkdir: C:\Users\joels\.cache\firebase\emulators\ui-v1.11.7\client\assets\provider-icons
[debug] [2023-07-24T04:57:16.131Z] [unzip] deflating: C:\Users\joels\.cache\firebase\emulators\ui-v1.11.7\client\assets\provider-icons\auth_service_saml.svg
[debug] [2023-07-24T04:57:16.134Z] [unzip] Entry: client/assets/provider-icons/auth_service_mslive.svg (compressed_size=203 bytes, uncompressed_size=378 bytes)
[debug] [2023-07-24T04:57:16.134Z] [unzip] Processing entry: client\assets\provider-icons\auth_service_mslive.svg
[debug] [2023-07-24T04:57:16.135Z] [unzip] else mkdir: C:\Users\joels\.cache\firebase\emulators\ui-v1.11.7\client\assets\provider-icons
[debug] [2023-07-24T04:57:16.136Z] [unzip] deflating: C:\Users\joels\.cache\firebase\emulators\ui-v1.11.7\client\assets\provider-icons\auth_service_mslive.svg
[debug] [2023-07-24T04:57:16.138Z] [unzip] Entry: client/assets/provider-icons/auth_service_facebook.svg (compressed_size=289 bytes, uncompressed_size=457 bytes)
[debug] [2023-07-24T04:57:16.138Z] [unzip] Processing entry: client\assets\provider-icons\auth_service_facebook.svg
[debug] [2023-07-24T04:57:16.138Z] [unzip] else mkdir: C:\Users\joels\.cache\firebase\emulators\ui-v1.11.7\client\assets\provider-icons
[debug] [2023-07-24T04:57:16.139Z] [unzip] deflating: C:\Users\joels\.cache\firebase\emulators\ui-v1.11.7\client\assets\provider-icons\auth_service_facebook.svg
[debug] [2023-07-24T04:57:16.141Z] [unzip] Entry: client/assets/provider-icons/auth_service_play_games.svg (compressed_size=565 bytes, uncompressed_size=1173 bytes)
[debug] [2023-07-24T04:57:16.141Z] [unzip] Processing entry: client\assets\provider-icons\auth_service_play_games.svg
[debug] [2023-07-24T04:57:16.142Z] [unzip] else mkdir: C:\Users\joels\.cache\firebase\emulators\ui-v1.11.7\client\assets\provider-icons
[debug] [2023-07-24T04:57:16.142Z] [unzip] deflating: C:\Users\joels\.cache\firebase\emulators\ui-v1.11.7\client\assets\provider-icons\auth_service_play_games.svg
[debug] [2023-07-24T04:57:16.144Z] [unzip] Entry: client/assets/provider-icons/auth_service_github.svg (compressed_size=466 bytes, uncompressed_size=838 bytes)
[debug] [2023-07-24T04:57:16.144Z] [unzip] Processing entry: client\assets\provider-icons\auth_service_github.svg
[debug] [2023-07-24T04:57:16.144Z] [unzip] else mkdir: C:\Users\joels\.cache\firebase\emulators\ui-v1.11.7\client\assets\provider-icons
[debug] [2023-07-24T04:57:16.145Z] [unzip] deflating: C:\Users\joels\.cache\firebase\emulators\ui-v1.11.7\client\assets\provider-icons\auth_service_github.svg
[debug] [2023-07-24T04:57:16.146Z] [unzip] Entry: client/assets/provider-icons/auth_service_apple.svg (compressed_size=230 bytes, uncompressed_size=334 bytes)
[debug] [2023-07-24T04:57:16.146Z] [unzip] Processing entry: client\assets\provider-icons\auth_service_apple.svg
[debug] [2023-07-24T04:57:16.146Z] [unzip] else mkdir: C:\Users\joels\.cache\firebase\emulators\ui-v1.11.7\client\assets\provider-icons
[debug] [2023-07-24T04:57:16.147Z] [unzip] deflating: C:\Users\joels\.cache\firebase\emulators\ui-v1.11.7\client\assets\provider-icons\auth_service_apple.svg
[debug] [2023-07-24T04:57:16.148Z] [unzip] Entry: client/assets/provider-icons/auth_service_google.svg (compressed_size=409 bytes, uncompressed_size=720 bytes)
[debug] [2023-07-24T04:57:16.148Z] [unzip] Processing entry: client\assets\provider-icons\auth_service_google.svg
[debug] [2023-07-24T04:57:16.148Z] [unzip] else mkdir: C:\Users\joels\.cache\firebase\emulators\ui-v1.11.7\client\assets\provider-icons
[debug] [2023-07-24T04:57:16.149Z] [unzip] deflating: C:\Users\joels\.cache\firebase\emulators\ui-v1.11.7\client\assets\provider-icons\auth_service_google.svg
[debug] [2023-07-24T04:57:16.151Z] [unzip] Entry: client/assets/provider-icons/auth_service_email.svg (compressed_size=228 bytes, uncompressed_size=326 bytes)
[debug] [2023-07-24T04:57:16.151Z] [unzip] Processing entry: client\assets\provider-icons\auth_service_email.svg
[debug] [2023-07-24T04:57:16.151Z] [unzip] else mkdir: C:\Users\joels\.cache\firebase\emulators\ui-v1.11.7\client\assets\provider-icons
[debug] [2023-07-24T04:57:16.151Z] [unzip] deflating: C:\Users\joels\.cache\firebase\emulators\ui-v1.11.7\client\assets\provider-icons\auth_service_email.svg
[debug] [2023-07-24T04:57:16.155Z] [unzip] Entry: client/assets/provider-icons/auth_service_twitter.svg (compressed_size=444 bytes, uncompressed_size=751 bytes)
[debug] [2023-07-24T04:57:16.156Z] [unzip] Processing entry: client\assets\provider-icons\auth_service_twitter.svg
[debug] [2023-07-24T04:57:16.156Z] [unzip] else mkdir: C:\Users\joels\.cache\firebase\emulators\ui-v1.11.7\client\assets\provider-icons
[debug] [2023-07-24T04:57:16.162Z] [unzip] deflating: C:\Users\joels\.cache\firebase\emulators\ui-v1.11.7\client\assets\provider-icons\auth_service_twitter.svg
[debug] [2023-07-24T04:57:16.170Z] [unzip] Entry: client/assets/provider-icons/auth_service_game_center.svg (compressed_size=991 bytes, uncompressed_size=3921 bytes)
[debug] [2023-07-24T04:57:16.171Z] [unzip] Processing entry: client\assets\provider-icons\auth_service_game_center.svg
[debug] [2023-07-24T04:57:16.172Z] [unzip] else mkdir: C:\Users\joels\.cache\firebase\emulators\ui-v1.11.7\client\assets\provider-icons
[debug] [2023-07-24T04:57:16.175Z] [unzip] deflating: C:\Users\joels\.cache\firebase\emulators\ui-v1.11.7\client\assets\provider-icons\auth_service_game_center.svg
[debug] [2023-07-24T04:57:16.178Z] [unzip] Entry: client/assets/index.c2583d42.js.map (compressed_size=1778557 bytes, uncompressed_size=7961927 bytes)
[debug] [2023-07-24T04:57:16.178Z] [unzip] Processing entry: client\assets\index.c2583d42.js.map
[debug] [2023-07-24T04:57:16.179Z] [unzip] else mkdir: C:\Users\joels\.cache\firebase\emulators\ui-v1.11.7\client\assets
[debug] [2023-07-24T04:57:16.179Z] [unzip] deflating: C:\Users\joels\.cache\firebase\emulators\ui-v1.11.7\client\assets\index.c2583d42.js.map
[debug] [2023-07-24T04:57:16.358Z] [unzip] Entry: client/assets/img/ (compressed_size=0 bytes, uncompressed_size=0 bytes)
[debug] [2023-07-24T04:57:16.358Z] [unzip] Processing entry: client\assets\img\
[debug] [2023-07-24T04:57:16.358Z] [unzip] mkdir: C:\Users\joels\.cache\firebase\emulators\ui-v1.11.7\client\assets\img\
[debug] [2023-07-24T04:57:16.359Z] [unzip] Entry: client/assets/img/database.png (compressed_size=29449 bytes, uncompressed_size=29988 bytes)
[debug] [2023-07-24T04:57:16.360Z] [unzip] Processing entry: client\assets\img\database.png
[debug] [2023-07-24T04:57:16.360Z] [unzip] else mkdir: C:\Users\joels\.cache\firebase\emulators\ui-v1.11.7\client\assets\img
[debug] [2023-07-24T04:57:16.360Z] [unzip] deflating: C:\Users\joels\.cache\firebase\emulators\ui-v1.11.7\client\assets\img\database.png
[debug] [2023-07-24T04:57:16.363Z] [unzip] Entry: client/safari-pinned-tab.svg (compressed_size=838 bytes, uncompressed_size=1504 bytes)
[debug] [2023-07-24T04:57:16.363Z] [unzip] Processing entry: client\safari-pinned-tab.svg
[debug] [2023-07-24T04:57:16.364Z] [unzip] else mkdir: C:\Users\joels\.cache\firebase\emulators\ui-v1.11.7\client
[debug] [2023-07-24T04:57:16.364Z] [unzip] deflating: C:\Users\joels\.cache\firebase\emulators\ui-v1.11.7\client\safari-pinned-tab.svg
[debug] [2023-07-24T04:57:16.366Z] [unzip] Entry: client/mstile-150x150.png (compressed_size=5406 bytes, uncompressed_size=5723 bytes)
[debug] [2023-07-24T04:57:16.366Z] [unzip] Processing entry: client\mstile-150x150.png
[debug] [2023-07-24T04:57:16.367Z] [unzip] else mkdir: C:\Users\joels\.cache\firebase\emulators\ui-v1.11.7\client
[debug] [2023-07-24T04:57:16.368Z] [unzip] deflating: C:\Users\joels\.cache\firebase\emulators\ui-v1.11.7\client\mstile-150x150.png
[debug] [2023-07-24T04:57:16.371Z] [unzip] Entry: client/browserconfig.xml (compressed_size=491 bytes, uncompressed_size=822 bytes)
[debug] [2023-07-24T04:57:16.372Z] [unzip] Processing entry: client\browserconfig.xml
[debug] [2023-07-24T04:57:16.372Z] [unzip] else mkdir: C:\Users\joels\.cache\firebase\emulators\ui-v1.11.7\client
[debug] [2023-07-24T04:57:16.375Z] [unzip] deflating: C:\Users\joels\.cache\firebase\emulators\ui-v1.11.7\client\browserconfig.xml
[debug] [2023-07-24T04:57:16.384Z] [unzip] Entry: client/robots.txt (compressed_size=26 bytes, uncompressed_size=26 bytes)
[debug] [2023-07-24T04:57:16.385Z] [unzip] Processing entry: client\robots.txt
[debug] [2023-07-24T04:57:16.385Z] [unzip] else mkdir: C:\Users\joels\.cache\firebase\emulators\ui-v1.11.7\client
[debug] [2023-07-24T04:57:16.388Z] [unzip] Writing file: C:\Users\joels\.cache\firebase\emulators\ui-v1.11.7\client\robots.txt
[debug] [2023-07-24T04:57:16.396Z] [unzip] Entry: client/index.html (compressed_size=1363 bytes, uncompressed_size=3064 bytes)
[debug] [2023-07-24T04:57:16.397Z] [unzip] Processing entry: client\index.html
[debug] [2023-07-24T04:57:16.397Z] [unzip] else mkdir: C:\Users\joels\.cache\firebase\emulators\ui-v1.11.7\client
[debug] [2023-07-24T04:57:16.398Z] [unzip] deflating: C:\Users\joels\.cache\firebase\emulators\ui-v1.11.7\client\index.html
[debug] [2023-07-24T04:57:16.400Z] [unzip] Entry: client/favicon-16x16.png (compressed_size=757 bytes, uncompressed_size=777 bytes)
[debug] [2023-07-24T04:57:16.401Z] [unzip] Processing entry: client\favicon-16x16.png
[debug] [2023-07-24T04:57:16.401Z] [unzip] else mkdir: C:\Users\joels\.cache\firebase\emulators\ui-v1.11.7\client
[debug] [2023-07-24T04:57:16.402Z] [unzip] deflating: C:\Users\joels\.cache\firebase\emulators\ui-v1.11.7\client\favicon-16x16.png
[debug] [2023-07-24T04:57:16.406Z] [unzip] Entry: client/manifest.json (compressed_size=246 bytes, uncompressed_size=551 bytes)
[debug] [2023-07-24T04:57:16.406Z] [unzip] Processing entry: client\manifest.json
[debug] [2023-07-24T04:57:16.407Z] [unzip] else mkdir: C:\Users\joels\.cache\firebase\emulators\ui-v1.11.7\client
[debug] [2023-07-24T04:57:16.407Z] [unzip] deflating: C:\Users\joels\.cache\firebase\emulators\ui-v1.11.7\client\manifest.json
[debug] [2023-07-24T04:57:16.409Z] [unzip] Entry: client/favicon-32x32.png (compressed_size=1175 bytes, uncompressed_size=1175 bytes)
[debug] [2023-07-24T04:57:16.409Z] [unzip] Processing entry: client\favicon-32x32.png
[debug] [2023-07-24T04:57:16.410Z] [unzip] else mkdir: C:\Users\joels\.cache\firebase\emulators\ui-v1.11.7\client
[debug] [2023-07-24T04:57:16.410Z] [unzip] Writing file: C:\Users\joels\.cache\firebase\emulators\ui-v1.11.7\client\favicon-32x32.png
[debug] [2023-07-24T04:57:16.411Z] [unzip] Entry: client/android-chrome-192x192.png (compressed_size=7602 bytes, uncompressed_size=7834 bytes)
[debug] [2023-07-24T04:57:16.412Z] [unzip] Processing entry: client\android-chrome-192x192.png
[debug] [2023-07-24T04:57:16.412Z] [unzip] else mkdir: C:\Users\joels\.cache\firebase\emulators\ui-v1.11.7\client
[debug] [2023-07-24T04:57:16.412Z] [unzip] deflating: C:\Users\joels\.cache\firebase\emulators\ui-v1.11.7\client\android-chrome-192x192.png
[debug] [2023-07-24T04:57:16.414Z] [unzip] Entry: server/ (compressed_size=0 bytes, uncompressed_size=0 bytes)
[debug] [2023-07-24T04:57:16.414Z] [unzip] Processing entry: server\
[debug] [2023-07-24T04:57:16.414Z] [unzip] mkdir: C:\Users\joels\.cache\firebase\emulators\ui-v1.11.7\server\
[debug] [2023-07-24T04:57:16.415Z] [unzip] Entry: server/server.js (compressed_size=343746 bytes, uncompressed_size=1346374 bytes)
[debug] [2023-07-24T04:57:16.415Z] [unzip] Processing entry: server\server.js
[debug] [2023-07-24T04:57:16.415Z] [unzip] else mkdir: C:\Users\joels\.cache\firebase\emulators\ui-v1.11.7\server
[debug] [2023-07-24T04:57:16.415Z] [unzip] deflating: C:\Users\joels\.cache\firebase\emulators\ui-v1.11.7\server\server.js
[debug] [2023-07-24T04:57:16.464Z] [unzip] Entry: server/server.js.map (compressed_size=289157 bytes, uncompressed_size=1325651 bytes)
[debug] [2023-07-24T04:57:16.464Z] [unzip] Processing entry: server\server.js.map
[debug] [2023-07-24T04:57:16.464Z] [unzip] else mkdir: C:\Users\joels\.cache\firebase\emulators\ui-v1.11.7\server
[debug] [2023-07-24T04:57:16.465Z] [unzip] deflating: C:\Users\joels\.cache\firebase\emulators\ui-v1.11.7\server\server.js.map
[debug] [2023-07-24T04:57:16.511Z] Ignoring unsupported arg: auto_download {"metadata":{"emulator":{"name":"ui"},"message":"Ignoring unsupported arg: auto_download"}}
[debug] [2023-07-24T04:57:16.512Z] Ignoring unsupported arg: port {"metadata":{"emulator":{"name":"ui"},"message":"Ignoring unsupported arg: port"}}
[debug] [2023-07-24T04:57:16.512Z] Starting Emulator UI with command {"binary":"node","args":["C:\\Users\\joels\\.cache\\firebase\\emulators\\ui-v1.11.7\\server\\server.js"],"optionalArgs":[],"joinArgs":false} {"metadata":{"emulator":{"name":"ui"},"message":"Starting Emulator UI with command {\"binary\":\"node\",\"args\":[\"C:\\\\Users\\\\joels\\\\.cache\\\\firebase\\\\emulators\\\\ui-v1.11.7\\\\server\\\\server.js\"],\"optionalArgs\":[],\"joinArgs\":false}"}}
[info] i  ui: Emulator UI logging to ui-debug.log {"metadata":{"emulator":{"name":"ui"},"message":"Emulator UI logging to \u001b[1mui-debug.log\u001b[22m"}}
[debug] [2023-07-24T04:57:17.085Z] Web / API server started at 127.0.0.1:4000
 {"metadata":{"emulator":{"name":"ui"},"message":"Web / API server started at 127.0.0.1:4000\n"}}
[debug] [2023-07-24T04:57:17.086Z] Web / API server started at ::1:4000
 {"metadata":{"emulator":{"name":"ui"},"message":"Web / API server started at ::1:4000\n"}}
[info] 
┌─────────────────────────────────────────────────────────────┐
│ ✔  All emulators ready! It is now safe to connect your app. │
│ i  View Emulator UI at http://127.0.0.1:4000/               │
└─────────────────────────────────────────────────────────────┘

┌───────────┬────────────────┬─────────────────────────────────┐
│ Emulator  │ Host:Port      │ View in Emulator UI             │
├───────────┼────────────────┼─────────────────────────────────┤
│ Firestore │ 127.0.0.1:8080 │ http://127.0.0.1:4000/firestore │
└───────────┴────────────────┴─────────────────────────────────┘
  Emulator Hub running at 127.0.0.1:4400
  Other reserved ports: 4500, 9150

Issues? Report them at https://github.com/firebase/firebase-tools/issues and attach the *-debug.log files.
 
[debug] [2023-07-24T04:57:43.934Z] Jul 24, 2023 1:57:43 AM com.google.cloud.datastore.emulator.firestore.websocket.WebSocketChannelHandler initChannel
INFO: Connected to new websocket client
 {"metadata":{"emulator":{"name":"firestore"},"message":"Jul 24, 2023 1:57:43 AM com.google.cloud.datastore.emulator.firestore.websocket.WebSocketChannelHandler initChannel\r\nINFO: Connected to new websocket client\r\n"}}
[debug] [2023-07-24T04:57:44.214Z] Jul 24, 2023 1:57:44 AM io.gapi.emulators.netty.HttpVersionRoutingHandler channelRead
INFO: Detected non-HTTP/2 connection.
 {"metadata":{"emulator":{"name":"firestore"},"message":"Jul 24, 2023 1:57:44 AM io.gapi.emulators.netty.HttpVersionRoutingHandler channelRead\r\nINFO: Detected non-HTTP/2 connection.\r\n"}}
[debug] [2023-07-24T04:57:45.194Z] Jul 24, 2023 1:57:45 AM io.gapi.emulators.netty.HttpVersionRoutingHandler channelRead
INFO: Detected HTTP/2 connection.
 {"metadata":{"emulator":{"name":"firestore"},"message":"Jul 24, 2023 1:57:45 AM io.gapi.emulators.netty.HttpVersionRoutingHandler channelRead\r\nINFO: Detected HTTP/2 connection.\r\n"}}
[debug] [2023-07-24T04:58:06.019Z] Jul 24, 2023 1:58:06 AM com.google.cloud.datastore.emulator.firestore.websocket.WebSocketChannelHandler channelClosed
INFO: Websocket client disconnected
 {"metadata":{"emulator":{"name":"firestore"},"message":"Jul 24, 2023 1:58:06 AM com.google.cloud.datastore.emulator.firestore.websocket.WebSocketChannelHandler channelClosed\r\nINFO: Websocket client disconnected\r\n"}}
